Thu Feb 20 21:10:08 UTC 2014
;; 1. Based on: 001
;; 2. Description: 1-comp oral, linear elim
;; 3. Label:
;; x1. Author: devin
$PROBLEM    PK
$INPUT      ID TIME DV AMT DOSE MDV ISM
$DATA       data1.csv IGNORE=@
$SUBROUTINE ADVAN2 TRANS2
$PK 
TVCL = THETA(1)*(1 + THETA(2)*(1-ISM))
CL = TVCL * EXP(ETA(1))
V  = THETA(3) * EXP(ETA(2))
KA = THETA(4) * EXP(ETA(3))
S2 = V

$ERROR 
REP = IREP
IPRED = F
 Y = F*(1 + EPS(1))


$THETA  0.495704 ; CL
 -0.804158 ; femaleCL proportion
 1.00481 ; V
 0.961397 ; KA
$OMEGA  0.072431  ;     IIV CL
 0.0988913  ;      IIV V
 0.0649482  ;     IIV KA
$SIGMA  0.00958705  ; 10% prop variability
$SIMULATION ONLYSIM (12345) SUBPROBLEMS=100
$TABLE      ID REP TIME DV IPRED PRED AMT DOSE ISM MDV NOHEADER
            NOAPPEND NOPRINT FILE=run001QPC


NM-TRAN MESSAGES
  
 WARNINGS AND ERRORS (IF ANY) FOR PROBLEM    1
             
 (WARNING  2) NM-TRAN INFERS THAT THE DATA ARE POPULATION.
 CREATING MUMODEL ROUTINE...

License Registered to: University of Maryland - Baltimore
Expiration Date:    14 JUN 2014
Current Date:       20 FEB 2014
Days until program expires : 114
1NONLINEAR MIXED EFFECTS MODEL PROGRAM (NONMEM) VERSION 7.2.0
 ORIGINALLY DEVELOPED BY STUART BEAL, LEWIS SHEINER, AND ALISON BOECKMANN
 CURRENT DEVELOPERS ARE ROBERT BAUER, ICON DEVELOPMENT SOLUTIONS,
 AND ALISON BOECKMANN. IMPLEMENTATION, EFFICIENCY, AND STANDARDIZATION
 PERFORMED BY NOUS INFOSYSTEMS.

 PROBLEM NO.:         1
 PK
0DATA CHECKOUT RUN:              NO
 DATA SET LOCATED ON UNIT NO.:    2
 THIS UNIT TO BE REWOUND:        NO
 NO. OF DATA RECS IN DATA SET:      600
 NO. OF DATA ITEMS IN DATA SET:   8
 ID DATA ITEM IS DATA ITEM NO.:   1
 DEP VARIABLE IS DATA ITEM NO.:   3
 MDV DATA ITEM IS DATA ITEM NO.:  6
0INDICES PASSED TO SUBROUTINE PRED:
   8   2   4   0   0   0   0   0   0   0   0
0LABELS FOR DATA ITEMS:
 ID TIME DV AMT DOSE MDV ISM EVID
0(NONBLANK) LABELS FOR PRED-DEFINED ITEMS:
 REP IPRED
0FORMAT FOR DATA:
 (7E9.0,1F2.0)

 TOT. NO. OF OBS RECS:      550
 TOT. NO. OF INDIVIDUALS:     50
0LENGTH OF THETA:   4
0DEFAULT THETA BOUNDARY TEST OMITTED:    NO
0OMEGA HAS SIMPLE DIAGONAL FORM WITH DIMENSION:   3
0DEFAULT OMEGA BOUNDARY TEST OMITTED:    NO
0SIGMA HAS SIMPLE DIAGONAL FORM WITH DIMENSION:   1
0DEFAULT SIGMA BOUNDARY TEST OMITTED:    NO
0INITIAL ESTIMATE OF THETA:
   0.4957E+00 -0.8042E+00  0.1005E+01  0.9614E+00
0INITIAL ESTIMATE OF OMEGA:
 0.7243E-01
 0.0000E+00   0.9889E-01
 0.0000E+00   0.0000E+00   0.6495E-01
0INITIAL ESTIMATE OF SIGMA:
 0.9587E-02
0SIMULATION STEP OMITTED:    NO
 OBJ FUNC EVALUATED:         NO
 SOURCE   1:
   SEED1:         12345   SEED2:             0   PSEUDO-NORMAL
 NUMBER OF SUBPROBLEMS:  100
0TABLES STEP OMITTED:    NO
 NO. OF TABLES:           1
0-- TABLE   1 --
04 COLUMNS APPENDED:     NO
 PRINTED:                NO
 HEADER:                 NO
 FILE TO BE FORWARDED:   NO
0USER-CHOSEN ITEMS:
 ID REP TIME DV IPRED PRED AMT DOSE ISM MDV

 THE FOLLOWING LABELS ARE EQUIVALENT
 PRED=NPRED
 RES=NRES
 WRES=NWRES
1DOUBLE PRECISION PREDPP VERSION 7.2.0

 ONE COMPARTMENT MODEL WITH FIRST-ORDER ABSORPTION (ADVAN2)
0MAXIMUM NO. OF BASIC PK PARAMETERS:   3
0BASIC PK PARAMETERS (AFTER TRANSLATION):
   ELIMINATION RATE (K) IS BASIC PK PARAMETER NO.:  1
   ABSORPTION RATE (KA) IS BASIC PK PARAMETER NO.:  3

 TRANSLATOR WILL CONVERT PARAMETERS
 CLEARANCE (CL) AND VOLUME (V) TO K (TRANS2)
0COMPARTMENT ATTRIBUTES
 COMPT. NO.   FUNCTION   INITIAL    ON/OFF      DOSE      DEFAULT    DEFAULT
                         STATUS     ALLOWED    ALLOWED    FOR DOSE   FOR OBS.
    1         DEPOT        OFF        YES        YES        YES        NO
    2         CENTRAL      ON         NO         YES        NO         YES
    3         OUTPUT       OFF        YES        NO         NO         NO
1
 ADDITIONAL PK PARAMETERS - ASSIGNMENT OF ROWS IN GG
 COMPT. NO.                             INDICES
              SCALE      BIOAVAIL.   ZERO-ORDER  ZERO-ORDER  ABSORB
                         FRACTION    RATE        DURATION    LAG
    1           *           *           *           *           *
    2           4           *           *           *           *
    3           *           -           -           -           -
             - PARAMETER IS NOT ALLOWED FOR THIS MODEL
             * PARAMETER IS NOT SUPPLIED BY PK SUBROUTINE;
               WILL DEFAULT TO ONE IF APPLICABLE
0DATA ITEM INDICES USED BY PRED ARE:
   EVENT ID DATA ITEM IS DATA ITEM NO.:      8
   TIME DATA ITEM IS DATA ITEM NO.:          2
   DOSE AMOUNT DATA ITEM IS DATA ITEM NO.:   4

0PK SUBROUTINE CALLED WITH EVERY EVENT RECORD.
 PK SUBROUTINE NOT CALLED AT NONEVENT (ADDITIONAL OR LAGGED) DOSE TIMES.
0ERROR SUBROUTINE CALLED WITH EVERY EVENT RECORD.
1
 PROBLEM NO.:         1     SUBPROBLEM NO.:      1

 SIMULATION STEP PERFORMED
 SOURCE  1:
    SEED1:    2033567311   SEED2:             0
1
 PROBLEM NO.:         1     SUBPROBLEM NO.:      2

 SIMULATION STEP PERFORMED
 SOURCE  1:
    SEED1:     315152235   SEED2:             0
1
 PROBLEM NO.:         1     SUBPROBLEM NO.:      3

 SIMULATION STEP PERFORMED
 SOURCE  1:
    SEED1:     698389541   SEED2:             0
1
 PROBLEM NO.:         1     SUBPROBLEM NO.:      4

 SIMULATION STEP PERFORMED
 SOURCE  1:
    SEED1:     275321947   SEED2:             0
1
 PROBLEM NO.:         1     SUBPROBLEM NO.:      5

 SIMULATION STEP PERFORMED
 SOURCE  1:
    SEED1:    1500411161   SEED2:             0
1
 PROBLEM NO.:         1     SUBPROBLEM NO.:      6

 SIMULATION STEP PERFORMED
 SOURCE  1:
    SEED1:     379369639   SEED2:             0
1
 PROBLEM NO.:         1     SUBPROBLEM NO.:      7

 SIMULATION STEP PERFORMED
 SOURCE  1:
    SEED1:    1138170909   SEED2:             0
1
 PROBLEM NO.:         1     SUBPROBLEM NO.:      8

 SIMULATION STEP PERFORMED
 SOURCE  1:
    SEED1:     599481893   SEED2:             0
1
 PROBLEM NO.:         1     SUBPROBLEM NO.:      9

 SIMULATION STEP PERFORMED
 SOURCE  1:
    SEED1:    1463160960   SEED2:             0
1
 PROBLEM NO.:         1     SUBPROBLEM NO.:     10

 SIMULATION STEP PERFORMED
 SOURCE  1:
    SEED1:    1580898282   SEED2:             0
1
 PROBLEM NO.:         1     SUBPROBLEM NO.:     11

 SIMULATION STEP PERFORMED
 SOURCE  1:
    SEED1:    1100199749   SEED2:             0
1
 PROBLEM NO.:         1     SUBPROBLEM NO.:     12

 SIMULATION STEP PERFORMED
 SOURCE  1:
    SEED1:    1223877474   SEED2:             0
1
 PROBLEM NO.:         1     SUBPROBLEM NO.:     13

 SIMULATION STEP PERFORMED
 SOURCE  1:
    SEED1:     544320007   SEED2:             0
1
 PROBLEM NO.:         1     SUBPROBLEM NO.:     14

 SIMULATION STEP PERFORMED
 SOURCE  1:
    SEED1:     192065832   SEED2:             0
1
 PROBLEM NO.:         1     SUBPROBLEM NO.:     15

 SIMULATION STEP PERFORMED
 SOURCE  1:
    SEED1:    1117618809   SEED2:             0
1
 PROBLEM NO.:         1     SUBPROBLEM NO.:     16

 SIMULATION STEP PERFORMED
 SOURCE  1:
    SEED1:     800485417   SEED2:             0
1
 PROBLEM NO.:         1     SUBPROBLEM NO.:     17

 SIMULATION STEP PERFORMED
 SOURCE  1:
    SEED1:     994019426   SEED2:             0
1
 PROBLEM NO.:         1     SUBPROBLEM NO.:     18

 SIMULATION STEP PERFORMED
 SOURCE  1:
    SEED1:    1376580403   SEED2:             0
1
 PROBLEM NO.:         1     SUBPROBLEM NO.:     19

 SIMULATION STEP PERFORMED
 SOURCE  1:
    SEED1:     577740118   SEED2:             0
1
 PROBLEM NO.:         1     SUBPROBLEM NO.:     20

 SIMULATION STEP PERFORMED
 SOURCE  1:
    SEED1:     469611939   SEED2:             0
1
 PROBLEM NO.:         1     SUBPROBLEM NO.:     21

 SIMULATION STEP PERFORMED
 SOURCE  1:
    SEED1:    1698022819   SEED2:             0
1
 PROBLEM NO.:         1     SUBPROBLEM NO.:     22

 SIMULATION STEP PERFORMED
 SOURCE  1:
    SEED1:    2046991644   SEED2:             0
1
 PROBLEM NO.:         1     SUBPROBLEM NO.:     23

 SIMULATION STEP PERFORMED
 SOURCE  1:
    SEED1:     514521208   SEED2:             0
1
 PROBLEM NO.:         1     SUBPROBLEM NO.:     24

 SIMULATION STEP PERFORMED
 SOURCE  1:
    SEED1:     793576342   SEED2:             0
1
 PROBLEM NO.:         1     SUBPROBLEM NO.:     25

 SIMULATION STEP PERFORMED
 SOURCE  1:
    SEED1:    1430952312   SEED2:             0
1
 PROBLEM NO.:         1     SUBPROBLEM NO.:     26

 SIMULATION STEP PERFORMED
 SOURCE  1:
    SEED1:     777173552   SEED2:             0
1
 PROBLEM NO.:         1     SUBPROBLEM NO.:     27

 SIMULATION STEP PERFORMED
 SOURCE  1:
    SEED1:    1162958474   SEED2:             0
1
 PROBLEM NO.:         1     SUBPROBLEM NO.:     28

 SIMULATION STEP PERFORMED
 SOURCE  1:
    SEED1:     433915265   SEED2:             0
1
 PROBLEM NO.:         1     SUBPROBLEM NO.:     29

 SIMULATION STEP PERFORMED
 SOURCE  1:
    SEED1:    1661324451   SEED2:             0
1
 PROBLEM NO.:         1     SUBPROBLEM NO.:     30

 SIMULATION STEP PERFORMED
 SOURCE  1:
    SEED1:    1576149900   SEED2:             0
1
 PROBLEM NO.:         1     SUBPROBLEM NO.:     31

 SIMULATION STEP PERFORMED
 SOURCE  1:
    SEED1:    1319158263   SEED2:             0
1
 PROBLEM NO.:         1     SUBPROBLEM NO.:     32

 SIMULATION STEP PERFORMED
 SOURCE  1:
    SEED1:     729846571   SEED2:             0
1
 PROBLEM NO.:         1     SUBPROBLEM NO.:     33

 SIMULATION STEP PERFORMED
 SOURCE  1:
    SEED1:     965392673   SEED2:             0
1
 PROBLEM NO.:         1     SUBPROBLEM NO.:     34

 SIMULATION STEP PERFORMED
 SOURCE  1:
    SEED1:    1992032876   SEED2:             0
1
 PROBLEM NO.:         1     SUBPROBLEM NO.:     35

 SIMULATION STEP PERFORMED
 SOURCE  1:
    SEED1:    2098790563   SEED2:             0
1
 PROBLEM NO.:         1     SUBPROBLEM NO.:     36

 SIMULATION STEP PERFORMED
 SOURCE  1:
    SEED1:    2029569399   SEED2:             0
1
 PROBLEM NO.:         1     SUBPROBLEM NO.:     37

 SIMULATION STEP PERFORMED
 SOURCE  1:
    SEED1:     779431385   SEED2:             0
1
 PROBLEM NO.:         1     SUBPROBLEM NO.:     38

 SIMULATION STEP PERFORMED
 SOURCE  1:
    SEED1:    1207147586   SEED2:             0
1
 PROBLEM NO.:         1     SUBPROBLEM NO.:     39

 SIMULATION STEP PERFORMED
 SOURCE  1:
    SEED1:      57556018   SEED2:             0
1
 PROBLEM NO.:         1     SUBPROBLEM NO.:     40

 SIMULATION STEP PERFORMED
 SOURCE  1:
    SEED1:     842442080   SEED2:             0
1
 PROBLEM NO.:         1     SUBPROBLEM NO.:     41

 SIMULATION STEP PERFORMED
 SOURCE  1:
    SEED1:     670098173   SEED2:             0
1
 PROBLEM NO.:         1     SUBPROBLEM NO.:     42

 SIMULATION STEP PERFORMED
 SOURCE  1:
    SEED1:    1326363749   SEED2:             0
1
 PROBLEM NO.:         1     SUBPROBLEM NO.:     43

 SIMULATION STEP PERFORMED
 SOURCE  1:
    SEED1:     454597776   SEED2:             0
1
 PROBLEM NO.:         1     SUBPROBLEM NO.:     44

 SIMULATION STEP PERFORMED
 SOURCE  1:
    SEED1:     734953715   SEED2:             0
1
 PROBLEM NO.:         1     SUBPROBLEM NO.:     45

 SIMULATION STEP PERFORMED
 SOURCE  1:
    SEED1:      12333532   SEED2:             0
1
 PROBLEM NO.:         1     SUBPROBLEM NO.:     46

 SIMULATION STEP PERFORMED
 SOURCE  1:
    SEED1:     826496191   SEED2:             0
1
 PROBLEM NO.:         1     SUBPROBLEM NO.:     47

 SIMULATION STEP PERFORMED
 SOURCE  1:
    SEED1:    1783492829   SEED2:             0
1
 PROBLEM NO.:         1     SUBPROBLEM NO.:     48

 SIMULATION STEP PERFORMED
 SOURCE  1:
    SEED1:    1946322536   SEED2:             0
1
 PROBLEM NO.:         1     SUBPROBLEM NO.:     49

 SIMULATION STEP PERFORMED
 SOURCE  1:
    SEED1:    2141452440   SEED2:             0
1
 PROBLEM NO.:         1     SUBPROBLEM NO.:     50

 SIMULATION STEP PERFORMED
 SOURCE  1:
    SEED1:    2075811449   SEED2:             0
1
 PROBLEM NO.:         1     SUBPROBLEM NO.:     51

 SIMULATION STEP PERFORMED
 SOURCE  1:
    SEED1:     294866939   SEED2:             0
1
 PROBLEM NO.:         1     SUBPROBLEM NO.:     52

 SIMULATION STEP PERFORMED
 SOURCE  1:
    SEED1:     221661648   SEED2:             0
1
 PROBLEM NO.:         1     SUBPROBLEM NO.:     53

 SIMULATION STEP PERFORMED
 SOURCE  1:
    SEED1:    1857919929   SEED2:             0
1
 PROBLEM NO.:         1     SUBPROBLEM NO.:     54

 SIMULATION STEP PERFORMED
 SOURCE  1:
    SEED1:    1006652150   SEED2:             0
1
 PROBLEM NO.:         1     SUBPROBLEM NO.:     55

 SIMULATION STEP PERFORMED
 SOURCE  1:
    SEED1:    2068249274   SEED2:             0
1
 PROBLEM NO.:         1     SUBPROBLEM NO.:     56

 SIMULATION STEP PERFORMED
 SOURCE  1:
    SEED1:     422962613   SEED2:             0
1
 PROBLEM NO.:         1     SUBPROBLEM NO.:     57

 SIMULATION STEP PERFORMED
 SOURCE  1:
    SEED1:    1679252739   SEED2:             0
1
 PROBLEM NO.:         1     SUBPROBLEM NO.:     58

 SIMULATION STEP PERFORMED
 SOURCE  1:
    SEED1:    2107126664   SEED2:             0
1
 PROBLEM NO.:         1     SUBPROBLEM NO.:     59

 SIMULATION STEP PERFORMED
 SOURCE  1:
    SEED1:    1985666635   SEED2:             0
1
 PROBLEM NO.:         1     SUBPROBLEM NO.:     60

 SIMULATION STEP PERFORMED
 SOURCE  1:
    SEED1:     907775236   SEED2:             0
1
 PROBLEM NO.:         1     SUBPROBLEM NO.:     61

 SIMULATION STEP PERFORMED
 SOURCE  1:
    SEED1:     352187854   SEED2:             0
1
 PROBLEM NO.:         1     SUBPROBLEM NO.:     62

 SIMULATION STEP PERFORMED
 SOURCE  1:
    SEED1:    1016678920   SEED2:             0
1
 PROBLEM NO.:         1     SUBPROBLEM NO.:     63

 SIMULATION STEP PERFORMED
 SOURCE  1:
    SEED1:     800228495   SEED2:             0
1
 PROBLEM NO.:         1     SUBPROBLEM NO.:     64

 SIMULATION STEP PERFORMED
 SOURCE  1:
    SEED1:      96893876   SEED2:             0
1
 PROBLEM NO.:         1     SUBPROBLEM NO.:     65

 SIMULATION STEP PERFORMED
 SOURCE  1:
    SEED1:    1536727292   SEED2:             0
1
 PROBLEM NO.:         1     SUBPROBLEM NO.:     66

 SIMULATION STEP PERFORMED
 SOURCE  1:
    SEED1:     932024053   SEED2:             0
1
 PROBLEM NO.:         1     SUBPROBLEM NO.:     67

 SIMULATION STEP PERFORMED
 SOURCE  1:
    SEED1:    2004399043   SEED2:             0
1
 PROBLEM NO.:         1     SUBPROBLEM NO.:     68

 SIMULATION STEP PERFORMED
 SOURCE  1:
    SEED1:    1157692848   SEED2:             0
1
 PROBLEM NO.:         1     SUBPROBLEM NO.:     69

 SIMULATION STEP PERFORMED
 SOURCE  1:
    SEED1:     685220231   SEED2:             0
1
 PROBLEM NO.:         1     SUBPROBLEM NO.:     70

 SIMULATION STEP PERFORMED
 SOURCE  1:
    SEED1:     487521976   SEED2:             0
1
 PROBLEM NO.:         1     SUBPROBLEM NO.:     71

 SIMULATION STEP PERFORMED
 SOURCE  1:
    SEED1:     528608350   SEED2:             0
1
 PROBLEM NO.:         1     SUBPROBLEM NO.:     72

 SIMULATION STEP PERFORMED
 SOURCE  1:
    SEED1:     345369022   SEED2:             0
1
 PROBLEM NO.:         1     SUBPROBLEM NO.:     73

 SIMULATION STEP PERFORMED
 SOURCE  1:
    SEED1:     651142000   SEED2:             0
1
 PROBLEM NO.:         1     SUBPROBLEM NO.:     74

 SIMULATION STEP PERFORMED
 SOURCE  1:
    SEED1:     753746734   SEED2:             0
1
 PROBLEM NO.:         1     SUBPROBLEM NO.:     75

 SIMULATION STEP PERFORMED
 SOURCE  1:
    SEED1:     149667504   SEED2:             0
1
 PROBLEM NO.:         1     SUBPROBLEM NO.:     76

 SIMULATION STEP PERFORMED
 SOURCE  1:
    SEED1:    1081234314   SEED2:             0
1
 PROBLEM NO.:         1     SUBPROBLEM NO.:     77

 SIMULATION STEP PERFORMED
 SOURCE  1:
    SEED1:    2095148098   SEED2:             0
1
 PROBLEM NO.:         1     SUBPROBLEM NO.:     78

 SIMULATION STEP PERFORMED
 SOURCE  1:
    SEED1:     104706700   SEED2:             0
1
 PROBLEM NO.:         1     SUBPROBLEM NO.:     79

 SIMULATION STEP PERFORMED
 SOURCE  1:
    SEED1:     264170861   SEED2:             0
1
 PROBLEM NO.:         1     SUBPROBLEM NO.:     80

 SIMULATION STEP PERFORMED
 SOURCE  1:
    SEED1:     153520061   SEED2:             0
1
 PROBLEM NO.:         1     SUBPROBLEM NO.:     81

 SIMULATION STEP PERFORMED
 SOURCE  1:
    SEED1:     841456096   SEED2:             0
1
 PROBLEM NO.:         1     SUBPROBLEM NO.:     82

 SIMULATION STEP PERFORMED
 SOURCE  1:
    SEED1:     865959982   SEED2:             0
1
 PROBLEM NO.:         1     SUBPROBLEM NO.:     83

 SIMULATION STEP PERFORMED
 SOURCE  1:
    SEED1:     717120514   SEED2:             0
1
 PROBLEM NO.:         1     SUBPROBLEM NO.:     84

 SIMULATION STEP PERFORMED
 SOURCE  1:
    SEED1:     689822849   SEED2:             0
1
 PROBLEM NO.:         1     SUBPROBLEM NO.:     85

 SIMULATION STEP PERFORMED
 SOURCE  1:
    SEED1:    1632421626   SEED2:             0
1
 PROBLEM NO.:         1     SUBPROBLEM NO.:     86

 SIMULATION STEP PERFORMED
 SOURCE  1:
    SEED1:     213487845   SEED2:             0
1
 PROBLEM NO.:         1     SUBPROBLEM NO.:     87

 SIMULATION STEP PERFORMED
 SOURCE  1:
    SEED1:     841505187   SEED2:             0
1
 PROBLEM NO.:         1     SUBPROBLEM NO.:     88

 SIMULATION STEP PERFORMED
 SOURCE  1:
    SEED1:    1939944964   SEED2:             0
1
 PROBLEM NO.:         1     SUBPROBLEM NO.:     89

 SIMULATION STEP PERFORMED
 SOURCE  1:
    SEED1:     282111164   SEED2:             0
1
 PROBLEM NO.:         1     SUBPROBLEM NO.:     90

 SIMULATION STEP PERFORMED
 SOURCE  1:
    SEED1:     571016304   SEED2:             0
1
 PROBLEM NO.:         1     SUBPROBLEM NO.:     91

 SIMULATION STEP PERFORMED
 SOURCE  1:
    SEED1:    1410245118   SEED2:             0
1
 PROBLEM NO.:         1     SUBPROBLEM NO.:     92

 SIMULATION STEP PERFORMED
 SOURCE  1:
    SEED1:     987776416   SEED2:             0
1
 PROBLEM NO.:         1     SUBPROBLEM NO.:     93

 SIMULATION STEP PERFORMED
 SOURCE  1:
    SEED1:    1877464837   SEED2:             0
1
 PROBLEM NO.:         1     SUBPROBLEM NO.:     94

 SIMULATION STEP PERFORMED
 SOURCE  1:
    SEED1:     313690930   SEED2:             0
1
 PROBLEM NO.:         1     SUBPROBLEM NO.:     95

 SIMULATION STEP PERFORMED
 SOURCE  1:
    SEED1:    1879898690   SEED2:             0
1
 PROBLEM NO.:         1     SUBPROBLEM NO.:     96

 SIMULATION STEP PERFORMED
 SOURCE  1:
    SEED1:    1622149989   SEED2:             0
1
 PROBLEM NO.:         1     SUBPROBLEM NO.:     97

 SIMULATION STEP PERFORMED
 SOURCE  1:
    SEED1:     601000251   SEED2:             0
1
 PROBLEM NO.:         1     SUBPROBLEM NO.:     98

 SIMULATION STEP PERFORMED
 SOURCE  1:
    SEED1:    2126024910   SEED2:             0
1
 PROBLEM NO.:         1     SUBPROBLEM NO.:     99

 SIMULATION STEP PERFORMED
 SOURCE  1:
    SEED1:    1951494779   SEED2:             0
1
 PROBLEM NO.:         1     SUBPROBLEM NO.:    100

 SIMULATION STEP PERFORMED
 SOURCE  1:
    SEED1:    1069882575   SEED2:             0
Stop Time:
Thu Feb 20 21:10:19 UTC 2014
