Thu Nov  7 20:08:56 UTC 2013
;; 1. Based on: 
;; 2. Description: 1-comp oral, linear elim
;; 3. Label:
;; x1. Author: devin
$PROBLEM    PK
$INPUT      ID TIME DV AMT DOSE MDV ISM
$DATA       data1.csv IGNORE=@
$SUBROUTINE ADVAN2 TRANS2
$PK

TVCL = THETA(1)*(1 + THETA(2)*(1-ISM))
CL = TVCL * EXP(ETA(1))
V  = THETA(3) * EXP(ETA(2))
KA = THETA(4) * EXP(ETA(3))
S2 = V

$ERROR

IPRED = F
 Y = F*(1 + EPS(1))


$THETA  0.45 ; CL
 -0.7 ; femaleCL proportion
 1.3 ; V
 0.7 ; KA
$OMEGA  0.1  ;     IIV CL
 0.1  ;      IIV V
 0.1  ;     IIV KA
$SIGMA  0.04  ; 10% prop variability
$ESTIMATION METHOD=1 INTER MAXEVAl=9999 NOABORT PRINT=1 NSIG=3 SIGL=8
            POSTHOC MSFO=msfb001
; Xpose
$COVARIANCE
$TABLE      ID TIME DV AMT DOSE MDV ISM IPRED ONEHEADER NOPRINT
            FILE=sdtab001
$TABLE      ID TIME DV AMT TVCL CL V KA NOPRINT ONEHEADER
            FILE=patab001
$TABLE      ID TIME ONEHEADER NOPRINT FILE=cotab001
$TABLE      ID ISM DOSE ONEHEADER NOPRINT FILE=catab001


NM-TRAN MESSAGES
  
 WARNINGS AND ERRORS (IF ANY) FOR PROBLEM    1
             
 (WARNING  2) NM-TRAN INFERS THAT THE DATA ARE POPULATION.
 CREATING MUMODEL ROUTINE...

License Registered to: University of Maryland - Baltimore
Expiration Date:    14 JUN 2014
Current Date:        7 NOV 2013
Days until program expires : 222
1NONLINEAR MIXED EFFECTS MODEL PROGRAM (NONMEM) VERSION 7.2.0
 ORIGINALLY DEVELOPED BY STUART BEAL, LEWIS SHEINER, AND ALISON BOECKMANN
 CURRENT DEVELOPERS ARE ROBERT BAUER, ICON DEVELOPMENT SOLUTIONS,
 AND ALISON BOECKMANN. IMPLEMENTATION, EFFICIENCY, AND STANDARDIZATION
 PERFORMED BY NOUS INFOSYSTEMS.

 PROBLEM NO.:         1
 PK
0DATA CHECKOUT RUN:              NO
 DATA SET LOCATED ON UNIT NO.:    2
 THIS UNIT TO BE REWOUND:        NO
 NO. OF DATA RECS IN DATA SET:      600
 NO. OF DATA ITEMS IN DATA SET:   8
 ID DATA ITEM IS DATA ITEM NO.:   1
 DEP VARIABLE IS DATA ITEM NO.:   3
 MDV DATA ITEM IS DATA ITEM NO.:  6
0INDICES PASSED TO SUBROUTINE PRED:
   8   2   4   0   0   0   0   0   0   0   0
0LABELS FOR DATA ITEMS:
 ID TIME DV AMT DOSE MDV ISM EVID
0(NONBLANK) LABELS FOR PRED-DEFINED ITEMS:
 TVCL CL V KA IPRED
0FORMAT FOR DATA:
 (7E9.0,1F2.0)

 TOT. NO. OF OBS RECS:      550
 TOT. NO. OF INDIVIDUALS:     50
0LENGTH OF THETA:   4
0DEFAULT THETA BOUNDARY TEST OMITTED:    NO
0OMEGA HAS SIMPLE DIAGONAL FORM WITH DIMENSION:   3
0DEFAULT OMEGA BOUNDARY TEST OMITTED:    NO
0SIGMA HAS SIMPLE DIAGONAL FORM WITH DIMENSION:   1
0DEFAULT SIGMA BOUNDARY TEST OMITTED:    NO
0INITIAL ESTIMATE OF THETA:
   0.4500E+00 -0.7000E+00  0.1300E+01  0.7000E+00
0INITIAL ESTIMATE OF OMEGA:
 0.1000E+00
 0.0000E+00   0.1000E+00
 0.0000E+00   0.0000E+00   0.1000E+00
0INITIAL ESTIMATE OF SIGMA:
 0.4000E-01
0ESTIMATION STEP OMITTED:           NO
 CONDITIONAL ESTIMATES USED:       YES
 CENTERED ETA:                      NO
 EPS-ETA INTERACTION:              YES
 LAPLACIAN OBJ. FUNC.:              NO
 NO. OF FUNCT. EVALS. ALLOWED:       9999
 NO. OF SIG. FIGURES REQUIRED:       3
 INTERMEDIATE PRINTOUT:            YES
 ESTIMATE OUTPUT TO MSF:           YES
 ABORT WITH PRED EXIT CODE 1:       NO
 IND. OBJ. FUNC. VALUES SORTED:     NO
0COVARIANCE STEP OMITTED:    NO
 EIGENVLS. PRINTED:          NO
 SPECIAL COMPUTATION:        NO
 COMPRESSED FORMAT:          NO
0TABLES STEP OMITTED:    NO
 NO. OF TABLES:           4
0-- TABLE   1 --
 PRINTED:                NO
 HEADER:                YES
 FILE TO BE FORWARDED:   NO
0USER-CHOSEN ITEMS:
 ID TIME DV AMT DOSE MDV ISM IPRED
0-- TABLE   2 --
 PRINTED:                NO
 HEADER:                YES
 FILE TO BE FORWARDED:   NO
0USER-CHOSEN ITEMS:
 ID TIME DV AMT TVCL CL V KA
0-- TABLE   3 --
 PRINTED:                NO
 HEADER:                YES
 FILE TO BE FORWARDED:   NO
0USER-CHOSEN ITEMS:
 ID TIME
0-- TABLE   4 --
 PRINTED:                NO
 HEADER:                YES
 FILE TO BE FORWARDED:   NO
0USER-CHOSEN ITEMS:
 ID ISM DOSE

 THE FOLLOWING LABELS ARE EQUIVALENT
 PRED=PREDI
 RES=RESI
 WRES=WRESI
1DOUBLE PRECISION PREDPP VERSION 7.2.0

 ONE COMPARTMENT MODEL WITH FIRST-ORDER ABSORPTION (ADVAN2)
0MAXIMUM NO. OF BASIC PK PARAMETERS:   3
0BASIC PK PARAMETERS (AFTER TRANSLATION):
   ELIMINATION RATE (K) IS BASIC PK PARAMETER NO.:  1
   ABSORPTION RATE (KA) IS BASIC PK PARAMETER NO.:  3

 TRANSLATOR WILL CONVERT PARAMETERS
 CLEARANCE (CL) AND VOLUME (V) TO K (TRANS2)
0COMPARTMENT ATTRIBUTES
 COMPT. NO.   FUNCTION   INITIAL    ON/OFF      DOSE      DEFAULT    DEFAULT
                         STATUS     ALLOWED    ALLOWED    FOR DOSE   FOR OBS.
    1         DEPOT        OFF        YES        YES        YES        NO
    2         CENTRAL      ON         NO         YES        NO         YES
    3         OUTPUT       OFF        YES        NO         NO         NO
1
 ADDITIONAL PK PARAMETERS - ASSIGNMENT OF ROWS IN GG
 COMPT. NO.                             INDICES
              SCALE      BIOAVAIL.   ZERO-ORDER  ZERO-ORDER  ABSORB
                         FRACTION    RATE        DURATION    LAG
    1           *           *           *           *           *
    2           4           *           *           *           *
    3           *           -           -           -           -
             - PARAMETER IS NOT ALLOWED FOR THIS MODEL
             * PARAMETER IS NOT SUPPLIED BY PK SUBROUTINE;
               WILL DEFAULT TO ONE IF APPLICABLE
0DATA ITEM INDICES USED BY PRED ARE:
   EVENT ID DATA ITEM IS DATA ITEM NO.:      8
   TIME DATA ITEM IS DATA ITEM NO.:          2
   DOSE AMOUNT DATA ITEM IS DATA ITEM NO.:   4

0PK SUBROUTINE CALLED WITH EVERY EVENT RECORD.
 PK SUBROUTINE NOT CALLED AT NONEVENT (ADDITIONAL OR LAGGED) DOSE TIMES.
0ERROR SUBROUTINE CALLED WITH EVERY EVENT RECORD.
1
 
 
 #TBLN:      1
 #METH: First Order Conditional Estimation with Interaction
 
 MONITORING OF SEARCH:

 
0ITERATION NO.:    0    OBJECTIVE VALUE:   3043.53143448670        NO. OF FUNC. EVALS.:   7
 CUMULATIVE NO. OF FUNC. EVALS.:        7
 NPARAMETR:  4.5000E-01 -7.0000E-01  1.3000E+00  7.0000E-01  1.0000E-01  1.0000E-01  1.0000E-01  4.0000E-02
 PARAMETER:  1.0000E-01 -1.0000E-01  1.0000E-01  1.0000E-01  1.0000E-01  1.0000E-01  1.0000E-01  1.0000E-01
 GRADIENT:   8.0991E+02  2.7748E+03  2.8112E+03 -2.2708E+03 -4.6095E+00 -5.8228E+01 -3.2698E+01  5.8402E+02
 
0ITERATION NO.:    1    OBJECTIVE VALUE:   2994.98411823254        NO. OF FUNC. EVALS.:  11
 CUMULATIVE NO. OF FUNC. EVALS.:       18
 NPARAMETR:  4.2569E-01 -8.2955E-01  1.0563E+00  8.0602E-01  1.0001E-01  1.0008E-01  1.0004E-01  3.9690E-02
 PARAMETER:  9.4598E-02 -1.1851E-01  8.1250E-02  1.1515E-01  1.0003E-01  1.0039E-01  1.0022E-01  9.6105E-02
 GRADIENT:  -1.9056E+03 -4.8790E+03  7.3585E+02 -1.1242E+03 -2.6817E+01  5.6404E-01  8.8619E+00  6.2284E+02
 
0ITERATION NO.:    2    OBJECTIVE VALUE:   2977.19986035322        NO. OF FUNC. EVALS.:   9
 CUMULATIVE NO. OF FUNC. EVALS.:       27
 NPARAMETR:  4.5693E-01 -7.0512E-01  1.0214E+00  8.3469E-01  1.0003E-01  1.0008E-01  1.0004E-01  3.9510E-02
 PARAMETER:  1.0154E-01 -1.0073E-01  7.8569E-02  1.1924E-01  1.0013E-01  1.0039E-01  1.0019E-01  9.3835E-02
 GRADIENT:   9.1774E+02  2.8118E+03  6.0995E+02 -6.0421E+02 -7.3598E-01  8.8514E+00  1.6167E+01  6.0451E+02
 
0ITERATION NO.:    3    OBJECTIVE VALUE:   2972.25486895725        NO. OF FUNC. EVALS.:  11
 CUMULATIVE NO. OF FUNC. EVALS.:       38
 NPARAMETR:  4.6296E-01 -7.1626E-01  8.7850E-01  9.2733E-01  1.0006E-01  1.0006E-01  9.9992E-02  3.8707E-02
 PARAMETER:  1.0288E-01 -1.0232E-01  6.7577E-02  1.3248E-01  1.0030E-01  1.0029E-01  9.9958E-02  8.3573E-02
 GRADIENT:   8.9758E+02  2.6762E+03 -1.3900E+03  1.7602E+02  5.6426E+00 -6.4358E+00  2.1571E+01  6.1249E+02
 
0ITERATION NO.:    4    OBJECTIVE VALUE:   2943.03953932619        NO. OF FUNC. EVALS.:   9
 CUMULATIVE NO. OF FUNC. EVALS.:       47
 NPARAMETR:  4.9584E-01 -7.5393E-01  1.0918E+00  1.2206E+00  1.0019E-01  1.0007E-01  9.9704E-02  3.4617E-02
 PARAMETER:  1.1019E-01 -1.0770E-01  8.3987E-02  1.7437E-01  1.0095E-01  1.0033E-01  9.8516E-02  2.7739E-02
 GRADIENT:   1.0266E+03  2.8100E+03  5.9077E+02  9.7989E+02  9.1741E+00  7.6359E+00  2.3011E+00  5.7215E+02
 
0ITERATION NO.:    5    OBJECTIVE VALUE:   2777.36127432600        NO. OF FUNC. EVALS.:  10
 CUMULATIVE NO. OF FUNC. EVALS.:       57
 NPARAMETR:  6.4128E-01 -8.3875E-01  1.0345E+00  1.1565E+00  1.0069E-01  1.0000E-01  9.8562E-02  1.7790E-02
 PARAMETER:  1.4251E-01 -1.1982E-01  7.9577E-02  1.6521E-01  1.0345E-01  1.0001E-01  9.2759E-02 -3.0513E-01
 GRADIENT:   1.5085E+03  2.1982E+03  6.7566E+02  9.5907E+02 -5.5411E+00  3.8843E+00  8.2535E+00  3.6662E+02
 
0ITERATION NO.:    6    OBJECTIVE VALUE:   2742.92597632275        NO. OF FUNC. EVALS.:   9
 CUMULATIVE NO. OF FUNC. EVALS.:       66
 NPARAMETR:  3.4138E-01 -6.7153E-01  1.0094E+00  1.1553E+00  1.0150E-01  1.0007E-01  9.7470E-02  1.1256E-02
 PARAMETER:  7.5863E-02 -9.5933E-02  7.7645E-02  1.6504E-01  1.0742E-01  1.0035E-01  8.7190E-02 -5.3398E-01
 GRADIENT:   1.9336E+02  1.7500E+03  1.0592E+03  1.1202E+03 -5.0206E+01  2.6751E+00  5.6187E-01  1.2097E+02
 
0ITERATION NO.:    7    OBJECTIVE VALUE:   2736.00252684721        NO. OF FUNC. EVALS.:   8
 CUMULATIVE NO. OF FUNC. EVALS.:       74
 NPARAMETR:  3.2317E-01 -6.6770E-01  9.9583E-01  1.1305E+00  1.9336E-01  1.0879E-01  8.1241E-02  1.0406E-02
 PARAMETER:  7.1815E-02 -9.5385E-02  7.6602E-02  1.6151E-01  4.2968E-01  1.4213E-01 -3.8769E-03 -5.7323E-01
 GRADIENT:   9.4490E+02  9.3868E+02  9.8532E+02  1.1561E+03  7.8109E+00  7.8197E+00 -2.8537E+00  6.3446E+01
 
0ITERATION NO.:    8    OBJECTIVE VALUE:   2735.64307121645        NO. OF FUNC. EVALS.:   9
 CUMULATIVE NO. OF FUNC. EVALS.:       83
 NPARAMETR:  3.2232E-01 -6.6660E-01  9.9190E-01  1.1248E+00  1.9440E-01  1.0603E-01  7.4023E-02  1.0378E-02
 PARAMETER:  7.1627E-02 -9.5228E-02  7.6300E-02  1.6068E-01  4.3237E-01  1.2929E-01 -5.0399E-02 -5.7458E-01
 GRADIENT:   9.6631E+02  9.4153E+02  9.3108E+02  1.2045E+03  7.3988E+00  5.3378E+00 -7.6621E+00  6.0515E+01
 
0ITERATION NO.:    9    OBJECTIVE VALUE:   2735.64307121645        NO. OF FUNC. EVALS.:  18
 CUMULATIVE NO. OF FUNC. EVALS.:      101
 NPARAMETR:  3.2232E-01 -6.6660E-01  9.9190E-01  1.1248E+00  1.9440E-01  1.0603E-01  7.4023E-02  1.0378E-02
 PARAMETER:  7.1627E-02 -9.5228E-02  7.6300E-02  1.6068E-01  4.3237E-01  1.2929E-01 -5.0399E-02 -5.7458E-01
 GRADIENT:  -1.1120E+03  6.3930E+02 -3.5550E+02  1.0722E+03  7.3988E+00  5.3378E+00 -7.6621E+00  5.9917E+01
 
0ITERATION NO.:   10    OBJECTIVE VALUE:   2710.49587012709        NO. OF FUNC. EVALS.:  13
 CUMULATIVE NO. OF FUNC. EVALS.:      114
 NPARAMETR:  4.3186E-01 -7.1818E-01  1.0045E+00  1.0859E+00  8.9668E-02  7.8670E-02  9.5666E-02  1.0695E-02
 PARAMETER:  9.5968E-02 -1.0260E-01  7.7273E-02  1.5513E-01  4.5471E-02 -1.9957E-02  7.7846E-02 -5.5957E-01
 GRADIENT:   3.9049E+02  2.8413E+03 -6.0019E+01  7.5384E+02 -1.3546E+01 -1.9751E+01  1.0723E+01  8.0318E+01
 
0ITERATION NO.:   11    OBJECTIVE VALUE:   2708.48567107493        NO. OF FUNC. EVALS.:  13
 CUMULATIVE NO. OF FUNC. EVALS.:      127
 NPARAMETR:  4.4616E-01 -7.2545E-01  9.8794E-01  1.0791E+00  7.8290E-02  9.9957E-02  8.8217E-02  1.0725E-02
 PARAMETER:  9.9147E-02 -1.0364E-01  7.5995E-02  1.5415E-01 -2.2372E-02  9.9783E-02  3.7317E-02 -5.5814E-01
 GRADIENT:   6.6300E+02  3.3948E+03 -2.5665E+02  7.8654E+02 -2.4552E+01  3.0251E+00  5.7332E+00  8.2858E+01
 
0ITERATION NO.:   12    OBJECTIVE VALUE:   2693.49799856442        NO. OF FUNC. EVALS.:  14
 CUMULATIVE NO. OF FUNC. EVALS.:      141
 NPARAMETR:  4.6089E-01 -7.4300E-01  9.6071E-01  9.7979E-01  7.4368E-02  9.7131E-02  6.8338E-02  1.0155E-02
 PARAMETER:  1.0242E-01 -1.0614E-01  7.3901E-02  1.3997E-01 -4.8075E-02  8.5445E-02 -9.0355E-02 -5.8546E-01
 GRADIENT:   6.7486E+02  3.1978E+03 -5.4704E+02  2.6809E+02 -1.8323E+01 -1.2133E+00  1.7575E-01  4.2248E+01
 
0ITERATION NO.:   13    OBJECTIVE VALUE:   2682.45729022850        NO. OF FUNC. EVALS.:  13
 CUMULATIVE NO. OF FUNC. EVALS.:      154
 NPARAMETR:  4.9596E-01 -7.8652E-01  9.6541E-01  9.3609E-01  6.0759E-02  9.8659E-02  6.4921E-02  9.9960E-03
 PARAMETER:  1.1021E-01 -1.1236E-01  7.4262E-02  1.3373E-01 -1.4912E-01  9.3251E-02 -1.1600E-01 -5.9335E-01
 GRADIENT:   5.2204E+02  1.8600E+03 -4.3025E+02 -1.5560E+02 -1.8309E+01 -3.2038E-02 -3.5578E+00  3.0876E+01
 
0ITERATION NO.:   14    OBJECTIVE VALUE:   2680.40942936040        NO. OF FUNC. EVALS.:  13
 CUMULATIVE NO. OF FUNC. EVALS.:      167
 NPARAMETR:  5.0710E-01 -8.1718E-01  9.8850E-01  9.4883E-01  6.1021E-02  1.0263E-01  7.4915E-02  9.4715E-03
 PARAMETER:  1.1269E-01 -1.1674E-01  7.6039E-02  1.3555E-01 -1.4697E-01  1.1297E-01 -4.4411E-02 -6.2030E-01
 GRADIENT:  -1.5356E+02 -1.3760E+03 -1.6863E+02 -8.9483E+01 -1.8593E+01  2.7300E+00  7.6062E+00 -7.9486E+00
 
0ITERATION NO.:   15    OBJECTIVE VALUE:   2678.44217447530        NO. OF FUNC. EVALS.:  13
 CUMULATIVE NO. OF FUNC. EVALS.:      180
 NPARAMETR:  4.9074E-01 -8.0308E-01  9.9619E-01  9.4870E-01  7.1794E-02  1.0294E-01  6.9778E-02  9.4876E-03
 PARAMETER:  1.0905E-01 -1.1473E-01  7.6630E-02  1.3553E-01 -6.5682E-02  1.1448E-01 -7.9924E-02 -6.1945E-01
 GRADIENT:  -9.6391E+01 -1.3555E+02 -7.1721E+01 -9.7516E+01 -5.4489E-01  3.4659E+00  3.6134E+00 -7.3803E+00
 
0ITERATION NO.:   16    OBJECTIVE VALUE:   2678.21386937081        NO. OF FUNC. EVALS.:  13
 CUMULATIVE NO. OF FUNC. EVALS.:      193
 NPARAMETR:  4.9384E-01 -8.0298E-01  1.0042E+00  9.5654E-01  7.1318E-02  9.8606E-02  6.6399E-02  9.6725E-03
 PARAMETER:  1.0974E-01 -1.1471E-01  7.7247E-02  1.3665E-01 -6.9010E-02  9.2983E-02 -1.0475E-01 -6.0980E-01
 GRADIENT:  -1.7190E+01  2.6478E+01  3.7866E+00 -3.9306E+01 -1.2097E+00 -1.8880E-01  1.1637E+00  7.3727E+00
 
0ITERATION NO.:   17    OBJECTIVE VALUE:   2678.17584811429        NO. OF FUNC. EVALS.:  13
 CUMULATIVE NO. OF FUNC. EVALS.:      206
 NPARAMETR:  4.9454E-01 -8.0326E-01  1.0060E+00  9.6067E-01  7.1705E-02  9.8472E-02  6.5643E-02  9.5910E-03
 PARAMETER:  1.0990E-01 -1.1475E-01  7.7387E-02  1.3724E-01 -6.6307E-02  9.2301E-02 -1.1047E-01 -6.1403E-01
 GRADIENT:  -4.6024E+00  4.0645E+01  1.8664E+01 -5.1605E+00 -8.2478E-01 -3.5837E-01  5.9082E-01  3.7227E-01
 
0ITERATION NO.:   18    OBJECTIVE VALUE:   2678.16852944017        NO. OF FUNC. EVALS.:  13
 CUMULATIVE NO. OF FUNC. EVALS.:      219
 NPARAMETR:  4.9511E-01 -8.0397E-01  1.0056E+00  9.6137E-01  7.2314E-02  9.9070E-02  6.4712E-02  9.5870E-03
 PARAMETER:  1.1002E-01 -1.1485E-01  7.7354E-02  1.3734E-01 -6.2077E-02  9.5327E-02 -1.1761E-01 -6.1424E-01
 GRADIENT:  -8.8767E+00 -4.6980E+00  9.0663E+00 -1.2236E+00 -1.7842E-01  1.5430E-01 -2.1626E-01 -3.6297E-02
 
0ITERATION NO.:   19    OBJECTIVE VALUE:   2678.16681659845        NO. OF FUNC. EVALS.:  13
 CUMULATIVE NO. OF FUNC. EVALS.:      232
 NPARAMETR:  4.9576E-01 -8.0420E-01  1.0045E+00  9.6184E-01  7.2400E-02  9.8902E-02  6.5074E-02  9.5860E-03
 PARAMETER:  1.1017E-01 -1.1489E-01  7.7270E-02  1.3741E-01 -6.1479E-02  9.4480E-02 -1.1482E-01 -6.1429E-01
 GRADIENT:   3.7328E-02 -2.1411E+00 -4.2849E+00  4.5477E+00 -4.2614E-02  5.2699E-03  1.2130E-01 -5.8263E-02
 
0ITERATION NO.:   20    OBJECTIVE VALUE:   2678.16670558548        NO. OF FUNC. EVALS.:  13
 CUMULATIVE NO. OF FUNC. EVALS.:      245
 NPARAMETR:  4.9569E-01 -8.0416E-01  1.0048E+00  9.6142E-01  7.2413E-02  9.8875E-02  6.4948E-02  9.5868E-03
 PARAMETER:  1.1015E-01 -1.1488E-01  7.7291E-02  1.3735E-01 -6.1389E-02  9.4342E-02 -1.1579E-01 -6.1425E-01
 GRADIENT:  -7.8442E-01 -1.6611E+00 -6.4714E-01  3.1931E-01 -3.1200E-02 -2.0145E-02 -4.9390E-03 -2.0733E-02
 
0ITERATION NO.:   21    OBJECTIVE VALUE:   2678.16670011093        NO. OF FUNC. EVALS.:  13
 CUMULATIVE NO. OF FUNC. EVALS.:      258
 NPARAMETR:  4.9570E-01 -8.0416E-01  1.0048E+00  9.6140E-01  7.2431E-02  9.8891E-02  6.4948E-02  9.5870E-03
 PARAMETER:  1.1016E-01 -1.1488E-01  7.7293E-02  1.3734E-01 -6.1268E-02  9.4425E-02 -1.1579E-01 -6.1423E-01
 GRADIENT:  -3.1716E-01 -5.3711E-01 -1.6556E-01  5.2142E-02 -8.8528E-03 -4.7618E-03 -3.9981E-03  3.0860E-03
 
0ITERATION NO.:   22    OBJECTIVE VALUE:   2678.16670011093        NO. OF FUNC. EVALS.:  10
 CUMULATIVE NO. OF FUNC. EVALS.:      268
 NPARAMETR:  4.9570E-01 -8.0416E-01  1.0048E+00  9.6140E-01  7.2431E-02  9.8891E-02  6.4948E-02  9.5870E-03
 PARAMETER:  1.1016E-01 -1.1488E-01  7.7293E-02  1.3734E-01 -6.1268E-02  9.4425E-02 -1.1579E-01 -6.1423E-01
 GRADIENT:  -3.1716E-01 -5.3711E-01 -1.6556E-01  5.2142E-02 -8.8528E-03 -4.7618E-03 -3.9981E-03  3.0860E-03
 
 #TERM:
0MINIMIZATION SUCCESSFUL
 NO. OF FUNCTION EVALUATIONS USED:      268
 NO. OF SIG. DIGITS IN FINAL EST.:  3.3

 ETABAR IS THE ARITHMETIC MEAN OF THE ETA-ESTIMATES,
 AND THE P-VALUE IS GIVEN FOR THE NULL HYPOTHESIS THAT THE TRUE MEAN IS 0.

 ETABAR:         4.3213E-03  3.6409E-03  6.9017E-03
 SE:             3.6628E-02  4.3143E-02  3.1527E-02

 P VAL.:         9.0608E-01  9.3274E-01  8.2672E-01
 
 ETAshrink(%):   2.7876E+00  2.0053E+00  1.1637E+01
 EPSshrink(%):   1.2541E+01
 
 #TERE:
 Elapsed estimation time in seconds:     3.16
 Elapsed covariance time in seconds:     2.38
1
 
 
 
 
 
 
 
 
 
 
 
 
 
 
 
 
 
 
 
 
 ************************************************************************************************************************
 ********************                                                                                ********************
 ********************               FIRST ORDER CONDITIONAL ESTIMATION WITH INTERACTION              ********************
 #OBJT:**************                       MINIMUM VALUE OF OBJECTIVE FUNCTION                      ********************
 ********************                                                                                ********************
 ************************************************************************************************************************
 





 #OBJV:********************************************     2678.167       **************************************************
1
 ************************************************************************************************************************
 ********************                                                                                ********************
 ********************               FIRST ORDER CONDITIONAL ESTIMATION WITH INTERACTION              ********************
 ********************                             FINAL PARAMETER ESTIMATE                           ********************
 ********************                                                                                ********************
 ************************************************************************************************************************
 


 THETA - VECTOR OF FIXED EFFECTS PARAMETERS   *********


         TH 1      TH 2      TH 3      TH 4     
 
         4.96E-01 -8.04E-01  1.00E+00  9.61E-01
 


 OMEGA - COV MATRIX FOR RANDOM EFFECTS - ETAS  ********


            ETA1      ETA2      ETA3   
 
 ETA1
+        7.24E-02
 
 ETA2
+        0.00E+00  9.89E-02
 
 ETA3
+        0.00E+00  0.00E+00  6.49E-02
 


 SIGMA - COV MATRIX FOR RANDOM EFFECTS - EPSILONS  ****


            EPS1   
 
 EPS1
+        9.59E-03
 
1


 OMEGA - CORR MATRIX FOR RANDOM EFFECTS - ETAS  *******


            ETA1      ETA2      ETA3   
 
 ETA1
+        2.69E-01
 
 ETA2
+        0.00E+00  3.14E-01
 
 ETA3
+        0.00E+00  0.00E+00  2.55E-01
 


 SIGMA - CORR MATRIX FOR RANDOM EFFECTS - EPSILONS  ***


            EPS1   
 
 EPS1
+        9.79E-02
 
1
 ************************************************************************************************************************
 ********************                                                                                ********************
 ********************               FIRST ORDER CONDITIONAL ESTIMATION WITH INTERACTION              ********************
 ********************                            STANDARD ERROR OF ESTIMATE                          ********************
 ********************                                                                                ********************
 ************************************************************************************************************************
 


 THETA - VECTOR OF FIXED EFFECTS PARAMETERS   *********


         TH 1      TH 2      TH 3      TH 4     
 
         2.78E-02  1.51E-02  4.66E-02  3.97E-02
 


 OMEGA - COV MATRIX FOR RANDOM EFFECTS - ETAS  ********


            ETA1      ETA2      ETA3   
 
 ETA1
+        1.22E-02
 
 ETA2
+       .........  2.58E-02
 
 ETA3
+       ......... .........  1.65E-02
 


 SIGMA - COV MATRIX FOR RANDOM EFFECTS - EPSILONS  ****


            EPS1   
 
 EPS1
+        7.13E-04
 
1


 OMEGA - CORR MATRIX FOR RANDOM EFFECTS - ETAS  *******


            ETA1      ETA2      ETA3   
 
 ETA1
+        2.27E-02
 
 ETA2
+       .........  4.10E-02
 
 ETA3
+       ......... .........  3.23E-02
 


 SIGMA - CORR MATRIX FOR RANDOM EFFECTS - EPSILONS  ***


            EPS1   
 
 EPS1
+        3.64E-03
 
1
 ************************************************************************************************************************
 ********************                                                                                ********************
 ********************               FIRST ORDER CONDITIONAL ESTIMATION WITH INTERACTION              ********************
 ********************                          COVARIANCE MATRIX OF ESTIMATE                         ********************
 ********************                                                                                ********************
 ************************************************************************************************************************
 

            TH 1      TH 2      TH 3      TH 4      OM11      OM12      OM13      OM22      OM23      OM33      SG11
 
 TH 1
+        7.73E-04
 
 TH 2
+       -2.99E-04  2.27E-04
 
 TH 3
+        5.28E-05 -2.96E-06  2.17E-03
 
 TH 4
+       -1.76E-04  1.79E-04  2.15E-04  1.58E-03
 
 OM11
+        2.47E-05 -1.57E-05 -1.24E-05 -8.88E-05  1.50E-04
 
 OM12
+       ......... ......... ......... ......... ......... .........
 
 OM13
+       ......... ......... ......... ......... ......... ......... .........
 
 OM22
+       -9.67E-05 -3.26E-05 -5.80E-04  4.09E-05  3.07E-06 ......... .........  6.64E-04
 
 OM23
+       ......... ......... ......... ......... ......... ......... ......... ......... .........
 
 OM33
+        5.32E-05 -4.71E-05 -3.31E-05 -1.12E-04 -5.89E-06 ......... ......... -3.26E-05 .........  2.71E-04
 
 SG11
+       -5.39E-07  8.15E-07 -4.96E-06  8.33E-07 -6.42E-07 ......... ......... -3.79E-06 .........  4.02E-06  5.09E-07
 
1
 ************************************************************************************************************************
 ********************                                                                                ********************
 ********************               FIRST ORDER CONDITIONAL ESTIMATION WITH INTERACTION              ********************
 ********************                          CORRELATION MATRIX OF ESTIMATE                        ********************
 ********************                                                                                ********************
 ************************************************************************************************************************
 

            TH 1      TH 2      TH 3      TH 4      OM11      OM12      OM13      OM22      OM23      OM33      SG11
 
 TH 1
+        2.78E-02
 
 TH 2
+       -7.15E-01  1.51E-02
 
 TH 3
+        4.07E-02 -4.23E-03  4.66E-02
 
 TH 4
+       -1.60E-01  3.00E-01  1.16E-01  3.97E-02
 
 OM11
+        7.27E-02 -8.53E-02 -2.18E-02 -1.83E-01  1.22E-02
 
 OM12
+       ......... ......... ......... ......... ......... .........
 
 OM13
+       ......... ......... ......... ......... ......... ......... .........
 
 OM22
+       -1.35E-01 -8.42E-02 -4.83E-01  4.01E-02  9.74E-03 ......... .........  2.58E-02
 
 OM23
+       ......... ......... ......... ......... ......... ......... ......... ......... .........
 
 OM33
+        1.16E-01 -1.90E-01 -4.31E-02 -1.72E-01 -2.93E-02 ......... ......... -7.69E-02 .........  1.65E-02
 
 SG11
+       -2.72E-02  7.59E-02 -1.49E-01  2.94E-02 -7.36E-02 ......... ......... -2.06E-01 .........  3.42E-01  7.13E-04
 
1
 ************************************************************************************************************************
 ********************                                                                                ********************
 ********************               FIRST ORDER CONDITIONAL ESTIMATION WITH INTERACTION              ********************
 ********************                      INVERSE COVARIANCE MATRIX OF ESTIMATE                     ********************
 ********************                                                                                ********************
 ************************************************************************************************************************
 

            TH 1      TH 2      TH 3      TH 4      OM11      OM12      OM13      OM22      OM23      OM33      SG11
 
 TH 1
+        2.97E+03
 
 TH 2
+        4.21E+03  1.11E+04
 
 TH 3
+        1.87E+02  4.31E+02  6.94E+02
 
 TH 4
+       -1.95E+02 -8.15E+02 -1.50E+02  7.76E+02
 
 OM11
+       -1.45E+02  1.35E+01  1.93E+01  3.88E+02  6.97E+03
 
 OM12
+       ......... ......... ......... ......... ......... .........
 
 OM13
+       ......... ......... ......... ......... ......... ......... .........
 
 OM22
+        8.43E+02  1.61E+03  7.32E+02 -2.66E+02 -1.28E+01 ......... .........  2.51E+03
 
 OM23
+       ......... ......... ......... ......... ......... ......... ......... ......... .........
 
 OM33
+        1.35E+02  1.07E+03 -3.24E+01  2.53E+02  2.55E+02 ......... .........  3.58E+01 .........  4.52E+03
 
 SG11
+        3.57E+03 -4.23E+03  1.22E+04 -5.12E+03  6.07E+03 ......... .........  2.42E+04 ......... -3.74E+04  2.59E+06
 
1THERE ARE ERROR MESSAGES IN FILE PRDERR                                                                  
Stop Time:
Thu Nov  7 20:09:03 UTC 2013
